<?xml version="1.0" encoding="UTF-8" ?>
<!-- This is a WordPress eXtended RSS file generated by WordPress as an export of your site. -->
<!-- It contains information about your site's posts, pages, comments, categories, and other content. -->
<!-- You may use this file to transfer that content from one site to another. -->
<!-- This file is not intended to serve as a complete backup of your site. -->

<!-- To import this information into a WordPress site follow these steps: -->
<!-- 1. Log in to that site as an administrator. -->
<!-- 2. Go to Tools: Import in the WordPress admin panel. -->
<!-- 3. Install the "WordPress" importer from the list. -->
<!-- 4. Activate & Run Importer. -->
<!-- 5. Upload this file using the form provided on that page. -->
<!-- 6. You will first be asked to map the authors in this export file to users -->
<!--    on the site. For each author, you may choose to map to an -->
<!--    existing user on the site or to create a new user. -->
<!-- 7. WordPress will then import each of the posts, pages, comments, categories, etc. -->
<!--    contained in this file into your site. -->

	<!-- generator="WordPress/6.5.2" created="2024-04-11 07:59" -->
<rss version="2.0"
	xmlns:excerpt="http://wordpress.org/export/1.2/excerpt/"
	xmlns:content="http://purl.org/rss/1.0/modules/content/"
	xmlns:wfw="http://wellformedweb.org/CommentAPI/"
	xmlns:dc="http://purl.org/dc/elements/1.1/"
	xmlns:wp="http://wordpress.org/export/1.2/"
>

<channel>
	<title>test</title>
	<link>http://localhost</link>
	<description></description>
	<pubDate>Thu, 11 Apr 2024 07:59:10 +0000</pubDate>
	<language>en-US</language>
	<wp:wxr_version>1.2</wp:wxr_version>
	<wp:base_site_url>http://localhost</wp:base_site_url>
	<wp:base_blog_url>http://localhost</wp:base_blog_url>

		<wp:author><wp:author_id>2</wp:author_id><wp:author_login><![CDATA[Author A]]></wp:author_login><wp:author_email><![CDATA[a@cooperativeit.co.uk]]></wp:author_email><wp:author_display_name><![CDATA[Author A]]></wp:author_display_name><wp:author_first_name><![CDATA[]]></wp:author_first_name><wp:author_last_name><![CDATA[]]></wp:author_last_name></wp:author>
	<wp:author><wp:author_id>3</wp:author_id><wp:author_login><![CDATA[Author B]]></wp:author_login><wp:author_email><![CDATA[b@cooperativeit.co.uk]]></wp:author_email><wp:author_display_name><![CDATA[Author B]]></wp:author_display_name><wp:author_first_name><![CDATA[]]></wp:author_first_name><wp:author_last_name><![CDATA[]]></wp:author_last_name></wp:author>
	<wp:author><wp:author_id>4</wp:author_id><wp:author_login><![CDATA[Author C]]></wp:author_login><wp:author_email><![CDATA[c@cooperativeit.co.uk]]></wp:author_email><wp:author_display_name><![CDATA[Author C]]></wp:author_display_name><wp:author_first_name><![CDATA[]]></wp:author_first_name><wp:author_last_name><![CDATA[]]></wp:author_last_name></wp:author>
	<wp:author><wp:author_id>1</wp:author_id><wp:author_login><![CDATA[admin]]></wp:author_login><wp:author_email><![CDATA[jim@cooperativeit.co.uk]]></wp:author_email><wp:author_display_name><![CDATA[admin]]></wp:author_display_name><wp:author_first_name><![CDATA[]]></wp:author_first_name><wp:author_last_name><![CDATA[]]></wp:author_last_name></wp:author>

		<wp:category>
		<wp:term_id>4</wp:term_id>
		<wp:category_nicename><![CDATA[even]]></wp:category_nicename>
		<wp:category_parent><![CDATA[]]></wp:category_parent>
		<wp:cat_name><![CDATA[even]]></wp:cat_name>
	</wp:category>
		<wp:category>
		<wp:term_id>2</wp:term_id>
		<wp:category_nicename><![CDATA[odd]]></wp:category_nicename>
		<wp:category_parent><![CDATA[]]></wp:category_parent>
		<wp:cat_name><![CDATA[odd]]></wp:cat_name>
	</wp:category>
		<wp:category>
		<wp:term_id>7</wp:term_id>
		<wp:category_nicename><![CDATA[odd-and-even]]></wp:category_nicename>
		<wp:category_parent><![CDATA[]]></wp:category_parent>
		<wp:cat_name><![CDATA[odd and even]]></wp:cat_name>
	</wp:category>
		<wp:category>
		<wp:term_id>1</wp:term_id>
		<wp:category_nicename><![CDATA[uncategorized]]></wp:category_nicename>
		<wp:category_parent><![CDATA[]]></wp:category_parent>
		<wp:cat_name><![CDATA[Uncategorized]]></wp:cat_name>
	</wp:category>
			<wp:tag>
		<wp:term_id>3</wp:term_id>
		<wp:tag_slug><![CDATA[one]]></wp:tag_slug>
		<wp:tag_name><![CDATA[one]]></wp:tag_name>
	</wp:tag>
		<wp:tag>
		<wp:term_id>6</wp:term_id>
		<wp:tag_slug><![CDATA[three]]></wp:tag_slug>
		<wp:tag_name><![CDATA[three]]></wp:tag_name>
	</wp:tag>
		<wp:tag>
		<wp:term_id>5</wp:term_id>
		<wp:tag_slug><![CDATA[two]]></wp:tag_slug>
		<wp:tag_name><![CDATA[two]]></wp:tag_name>
	</wp:tag>
			<wp:term>
		<wp:term_id>4</wp:term_id>
		<wp:term_taxonomy><![CDATA[category]]></wp:term_taxonomy>
		<wp:term_slug><![CDATA[even]]></wp:term_slug>
		<wp:term_parent><![CDATA[]]></wp:term_parent>
		<wp:term_name><![CDATA[even]]></wp:term_name>
	</wp:term>
		<wp:term>
		<wp:term_id>2</wp:term_id>
		<wp:term_taxonomy><![CDATA[category]]></wp:term_taxonomy>
		<wp:term_slug><![CDATA[odd]]></wp:term_slug>
		<wp:term_parent><![CDATA[]]></wp:term_parent>
		<wp:term_name><![CDATA[odd]]></wp:term_name>
	</wp:term>
		<wp:term>
		<wp:term_id>7</wp:term_id>
		<wp:term_taxonomy><![CDATA[category]]></wp:term_taxonomy>
		<wp:term_slug><![CDATA[odd-and-even]]></wp:term_slug>
		<wp:term_parent><![CDATA[]]></wp:term_parent>
		<wp:term_name><![CDATA[odd and even]]></wp:term_name>
	</wp:term>
		<wp:term>
		<wp:term_id>3</wp:term_id>
		<wp:term_taxonomy><![CDATA[post_tag]]></wp:term_taxonomy>
		<wp:term_slug><![CDATA[one]]></wp:term_slug>
		<wp:term_parent><![CDATA[]]></wp:term_parent>
		<wp:term_name><![CDATA[one]]></wp:term_name>
	</wp:term>
		<wp:term>
		<wp:term_id>6</wp:term_id>
		<wp:term_taxonomy><![CDATA[post_tag]]></wp:term_taxonomy>
		<wp:term_slug><![CDATA[three]]></wp:term_slug>
		<wp:term_parent><![CDATA[]]></wp:term_parent>
		<wp:term_name><![CDATA[three]]></wp:term_name>
	</wp:term>
		<wp:term>
		<wp:term_id>8</wp:term_id>
		<wp:term_taxonomy><![CDATA[wp_theme]]></wp:term_taxonomy>
		<wp:term_slug><![CDATA[twentytwentyfour]]></wp:term_slug>
		<wp:term_parent><![CDATA[]]></wp:term_parent>
		<wp:term_name><![CDATA[twentytwentyfour]]></wp:term_name>
	</wp:term>
		<wp:term>
		<wp:term_id>5</wp:term_id>
		<wp:term_taxonomy><![CDATA[post_tag]]></wp:term_taxonomy>
		<wp:term_slug><![CDATA[two]]></wp:term_slug>
		<wp:term_parent><![CDATA[]]></wp:term_parent>
		<wp:term_name><![CDATA[two]]></wp:term_name>
	</wp:term>
		<wp:term>
		<wp:term_id>1</wp:term_id>
		<wp:term_taxonomy><![CDATA[category]]></wp:term_taxonomy>
		<wp:term_slug><![CDATA[uncategorized]]></wp:term_slug>
		<wp:term_parent><![CDATA[]]></wp:term_parent>
		<wp:term_name><![CDATA[Uncategorized]]></wp:term_name>
	</wp:term>
		
	<generator>https://wordpress.org/?v=6.5.2</generator>

		<item>
		<title><![CDATA[Navigation]]></title>
		<link>http://localhost/2024/04/11/navigation/</link>
		<pubDate>Thu, 11 Apr 2024 07:36:15 +0000</pubDate>
		<dc:creator><![CDATA[]]></dc:creator>
		<guid isPermaLink="false">http://localhost/2024/04/11/navigation/</guid>
		<description></description>
		<content:encoded><![CDATA[<!-- wp:page-list /-->]]></content:encoded>
		<excerpt:encoded><![CDATA[]]></excerpt:encoded>
		<wp:post_id>4</wp:post_id>
		<wp:post_date><![CDATA[2024-04-11 07:36:15]]></wp:post_date>
		<wp:post_date_gmt><![CDATA[2024-04-11 07:36:15]]></wp:post_date_gmt>
		<wp:post_modified><![CDATA[2024-04-11 07:36:15]]></wp:post_modified>
		<wp:post_modified_gmt><![CDATA[2024-04-11 07:36:15]]></wp:post_modified_gmt>
		<wp:comment_status><![CDATA[closed]]></wp:comment_status>
		<wp:ping_status><![CDATA[closed]]></wp:ping_status>
		<wp:post_name><![CDATA[navigation]]></wp:post_name>
		<wp:status><![CDATA[publish]]></wp:status>
		<wp:post_parent>0</wp:post_parent>
		<wp:menu_order>0</wp:menu_order>
		<wp:post_type><![CDATA[wp_navigation]]></wp:post_type>
		<wp:post_password><![CDATA[]]></wp:post_password>
		<wp:is_sticky>0</wp:is_sticky>
														</item>
					<item>
		<title><![CDATA[one]]></title>
		<link>http://localhost/2024/01/15/one/</link>
		<pubDate>Mon, 15 Jan 2024 15:09:20 +0000</pubDate>
		<dc:creator><![CDATA[Author A]]></dc:creator>
		<guid isPermaLink="false">http://localhost/?p=6</guid>
		<description></description>
		<content:encoded><![CDATA[<!-- wp:group {"metadata":{"name":"one"},"layout":{"type":"constrained"}} -->
<div class="wp-block-group"><!-- wp:group {"metadata":{"name":"Block Group"},"backgroundColor":"accent-2","layout":{"type":"constrained"}} -->
<div class="wp-block-group has-accent-2-background-color has-background"><!-- wp:heading -->
<h2 class="wp-block-heading">From The Post</h2>
<!-- /wp:heading -->

<!-- wp:query {"queryId":1,"query":{"postType":"post","perPage":5,"offset":0,"order":"asc","orderBy":"title","relatedByOperator":"AND","relatedByTag":true,"relatedByCategory":false,"relatedByAuthor":false},"namespace":"cooperativeit/embedded-posts"} -->
<div class="wp-block-query"><!-- wp:post-template {"layout":{"type":"grid","columnCount":3}} -->
<!-- wp:post-title {"isLink":true} /-->

<!-- wp:group {"layout":{"type":"constrained"}} -->
<div class="wp-block-group"><!-- wp:group {"style":{"spacing":{"blockGap":"0.3em"}},"layout":{"type":"flex","justifyContent":"left"}} -->
<div class="wp-block-group"><!-- wp:paragraph {"textColor":"contrast-2"} -->
<p class="has-contrast-2-color has-text-color">—</p>
<!-- /wp:paragraph -->

<!-- wp:paragraph {"textColor":"contrast-2","fontSize":"small"} -->
<p class="has-contrast-2-color has-text-color has-small-font-size">by</p>
<!-- /wp:paragraph -->

<!-- wp:post-author-name {"isLink":true} /--></div>
<!-- /wp:group -->

<!-- wp:group {"style":{"spacing":{"blockGap":"0.3em"}},"layout":{"type":"flex","justifyContent":"left"}} -->
<div class="wp-block-group"><!-- wp:paragraph {"textColor":"contrast-2"} -->
<p class="has-contrast-2-color has-text-color">—</p>
<!-- /wp:paragraph -->

<!-- wp:paragraph {"textColor":"contrast-2","fontSize":"small"} -->
<p class="has-contrast-2-color has-text-color has-small-font-size">Categories:</p>
<!-- /wp:paragraph -->

<!-- wp:post-terms {"term":"category"} /--></div>
<!-- /wp:group -->

<!-- wp:group {"style":{"spacing":{"blockGap":"0.3em"}},"layout":{"type":"flex","justifyContent":"left"}} -->
<div class="wp-block-group"><!-- wp:paragraph {"textColor":"contrast-2"} -->
<p class="has-contrast-2-color has-text-color">—</p>
<!-- /wp:paragraph -->

<!-- wp:paragraph {"textColor":"contrast-2","fontSize":"small"} -->
<p class="has-contrast-2-color has-text-color has-small-font-size">Tags:</p>
<!-- /wp:paragraph -->

<!-- wp:post-terms {"term":"post_tag"} /--></div>
<!-- /wp:group --></div>
<!-- /wp:group -->
<!-- /wp:post-template --></div>
<!-- /wp:query --></div>
<!-- /wp:group -->

<!-- wp:group {"metadata":{"name":"Shortcode Group"},"backgroundColor":"accent","layout":{"type":"constrained"}} -->
<div class="wp-block-group has-accent-background-color has-background"><!-- wp:heading -->
<h2 class="wp-block-heading">From The Post(Shortcode)</h2>
<!-- /wp:heading -->

<!-- wp:shortcode -->
[embeddedposts]
<!-- /wp:shortcode --></div>
<!-- /wp:group --></div>
<!-- /wp:group -->]]></content:encoded>
		<excerpt:encoded><![CDATA[]]></excerpt:encoded>
		<wp:post_id>15</wp:post_id>
		<wp:post_date><![CDATA[2024-01-15 15:09:20]]></wp:post_date>
		<wp:post_date_gmt><![CDATA[2024-01-15 15:09:20]]></wp:post_date_gmt>
		<wp:post_modified><![CDATA[2024-04-11 07:57:37]]></wp:post_modified>
		<wp:post_modified_gmt><![CDATA[2024-04-11 07:57:37]]></wp:post_modified_gmt>
		<wp:comment_status><![CDATA[open]]></wp:comment_status>
		<wp:ping_status><![CDATA[open]]></wp:ping_status>
		<wp:post_name><![CDATA[one]]></wp:post_name>
		<wp:status><![CDATA[publish]]></wp:status>
		<wp:post_parent>0</wp:post_parent>
		<wp:menu_order>0</wp:menu_order>
		<wp:post_type><![CDATA[post]]></wp:post_type>
		<wp:post_password><![CDATA[]]></wp:post_password>
		<wp:is_sticky>0</wp:is_sticky>
										<category domain="category" nicename="odd"><![CDATA[odd]]></category>
		<category domain="post_tag" nicename="one"><![CDATA[one]]></category>
						<wp:postmeta>
		<wp:meta_key><![CDATA[_wp_page_template]]></wp:meta_key>
		<wp:meta_value><![CDATA[default]]></wp:meta_value>
		</wp:postmeta>
							</item>
					<item>
		<title><![CDATA[two]]></title>
		<link>http://localhost/2024/01/15/two/</link>
		<pubDate>Mon, 15 Jan 2024 15:09:43 +0000</pubDate>
		<dc:creator><![CDATA[Author B]]></dc:creator>
		<guid isPermaLink="false">http://localhost/?p=10</guid>
		<description></description>
		<content:encoded><![CDATA[<!-- wp:group {"metadata":{"name":"two"},"layout":{"type":"constrained"}} -->
<div class="wp-block-group"><!-- wp:group {"metadata":{"name":"Block Group"},"backgroundColor":"accent-2","layout":{"type":"constrained"}} -->
<div class="wp-block-group has-accent-2-background-color has-background"><!-- wp:heading -->
<h2 class="wp-block-heading">From The Post</h2>
<!-- /wp:heading -->

<!-- wp:query {"queryId":1,"query":{"postType":"post","perPage":5,"offset":0,"order":"asc","orderBy":"title","relatedByOperator":"AND","relatedByTag":true,"relatedByCategory":false,"relatedByAuthor":false},"namespace":"cooperativeit/embedded-posts"} -->
<div class="wp-block-query"><!-- wp:post-template {"layout":{"type":"grid","columnCount":3}} -->
<!-- wp:post-title {"isLink":true} /-->

<!-- wp:group {"layout":{"type":"constrained"}} -->
<div class="wp-block-group"><!-- wp:group {"style":{"spacing":{"blockGap":"0.3em"}},"layout":{"type":"flex","justifyContent":"left"}} -->
<div class="wp-block-group"><!-- wp:paragraph {"textColor":"contrast-2"} -->
<p class="has-contrast-2-color has-text-color">—</p>
<!-- /wp:paragraph -->

<!-- wp:paragraph {"textColor":"contrast-2","fontSize":"small"} -->
<p class="has-contrast-2-color has-text-color has-small-font-size">by</p>
<!-- /wp:paragraph -->

<!-- wp:post-author-name {"isLink":true} /--></div>
<!-- /wp:group -->

<!-- wp:group {"style":{"spacing":{"blockGap":"0.3em"}},"layout":{"type":"flex","justifyContent":"left"}} -->
<div class="wp-block-group"><!-- wp:paragraph {"textColor":"contrast-2"} -->
<p class="has-contrast-2-color has-text-color">—</p>
<!-- /wp:paragraph -->

<!-- wp:paragraph {"textColor":"contrast-2","fontSize":"small"} -->
<p class="has-contrast-2-color has-text-color has-small-font-size">Categories:</p>
<!-- /wp:paragraph -->

<!-- wp:post-terms {"term":"category"} /--></div>
<!-- /wp:group -->

<!-- wp:group {"style":{"spacing":{"blockGap":"0.3em"}},"layout":{"type":"flex","justifyContent":"left"}} -->
<div class="wp-block-group"><!-- wp:paragraph {"textColor":"contrast-2"} -->
<p class="has-contrast-2-color has-text-color">—</p>
<!-- /wp:paragraph -->

<!-- wp:paragraph {"textColor":"contrast-2","fontSize":"small"} -->
<p class="has-contrast-2-color has-text-color has-small-font-size">Tags:</p>
<!-- /wp:paragraph -->

<!-- wp:post-terms {"term":"post_tag"} /--></div>
<!-- /wp:group --></div>
<!-- /wp:group -->
<!-- /wp:post-template --></div>
<!-- /wp:query --></div>
<!-- /wp:group -->

<!-- wp:group {"metadata":{"name":"Shortcode Group"},"backgroundColor":"accent","layout":{"type":"constrained"}} -->
<div class="wp-block-group has-accent-background-color has-background"><!-- wp:heading -->
<h2 class="wp-block-heading">From The Post(Shortcode)</h2>
<!-- /wp:heading -->

<!-- wp:shortcode -->
[embeddedposts]
<!-- /wp:shortcode --></div>
<!-- /wp:group --></div>
<!-- /wp:group -->]]></content:encoded>
		<excerpt:encoded><![CDATA[]]></excerpt:encoded>
		<wp:post_id>16</wp:post_id>
		<wp:post_date><![CDATA[2024-01-15 15:09:43]]></wp:post_date>
		<wp:post_date_gmt><![CDATA[2024-01-15 15:09:43]]></wp:post_date_gmt>
		<wp:post_modified><![CDATA[2024-04-11 07:57:07]]></wp:post_modified>
		<wp:post_modified_gmt><![CDATA[2024-04-11 07:57:07]]></wp:post_modified_gmt>
		<wp:comment_status><![CDATA[open]]></wp:comment_status>
		<wp:ping_status><![CDATA[open]]></wp:ping_status>
		<wp:post_name><![CDATA[two]]></wp:post_name>
		<wp:status><![CDATA[publish]]></wp:status>
		<wp:post_parent>0</wp:post_parent>
		<wp:menu_order>0</wp:menu_order>
		<wp:post_type><![CDATA[post]]></wp:post_type>
		<wp:post_password><![CDATA[]]></wp:post_password>
		<wp:is_sticky>0</wp:is_sticky>
										<category domain="category" nicename="even"><![CDATA[even]]></category>
		<category domain="post_tag" nicename="two"><![CDATA[two]]></category>
						<wp:postmeta>
		<wp:meta_key><![CDATA[_wp_page_template]]></wp:meta_key>
		<wp:meta_value><![CDATA[default]]></wp:meta_value>
		</wp:postmeta>
							</item>
					<item>
		<title><![CDATA[three]]></title>
		<link>http://localhost/2024/01/15/three/</link>
		<pubDate>Mon, 15 Jan 2024 15:10:02 +0000</pubDate>
		<dc:creator><![CDATA[Author C]]></dc:creator>
		<guid isPermaLink="false">http://localhost/?p=12</guid>
		<description></description>
		<content:encoded><![CDATA[<!-- wp:group {"metadata":{"name":"three"},"layout":{"type":"constrained"}} -->
<div class="wp-block-group"><!-- wp:group {"metadata":{"name":"Block Group"},"backgroundColor":"accent-2","layout":{"type":"constrained"}} -->
<div class="wp-block-group has-accent-2-background-color has-background"><!-- wp:heading -->
<h2 class="wp-block-heading">From The Post</h2>
<!-- /wp:heading -->

<!-- wp:query {"queryId":1,"query":{"postType":"post","perPage":5,"offset":0,"order":"asc","orderBy":"title","relatedByOperator":"AND","relatedByTag":true,"relatedByCategory":false,"relatedByAuthor":false},"namespace":"cooperativeit/embedded-posts"} -->
<div class="wp-block-query"><!-- wp:post-template {"layout":{"type":"grid","columnCount":3}} -->
<!-- wp:post-title {"isLink":true} /-->

<!-- wp:group {"layout":{"type":"constrained"}} -->
<div class="wp-block-group"><!-- wp:group {"style":{"spacing":{"blockGap":"0.3em"}},"layout":{"type":"flex","justifyContent":"left"}} -->
<div class="wp-block-group"><!-- wp:paragraph {"textColor":"contrast-2"} -->
<p class="has-contrast-2-color has-text-color">—</p>
<!-- /wp:paragraph -->

<!-- wp:paragraph {"textColor":"contrast-2","fontSize":"small"} -->
<p class="has-contrast-2-color has-text-color has-small-font-size">by</p>
<!-- /wp:paragraph -->

<!-- wp:post-author-name {"isLink":true} /--></div>
<!-- /wp:group -->

<!-- wp:group {"style":{"spacing":{"blockGap":"0.3em"}},"layout":{"type":"flex","justifyContent":"left"}} -->
<div class="wp-block-group"><!-- wp:paragraph {"textColor":"contrast-2"} -->
<p class="has-contrast-2-color has-text-color">—</p>
<!-- /wp:paragraph -->

<!-- wp:paragraph {"textColor":"contrast-2","fontSize":"small"} -->
<p class="has-contrast-2-color has-text-color has-small-font-size">Categories:</p>
<!-- /wp:paragraph -->

<!-- wp:post-terms {"term":"category"} /--></div>
<!-- /wp:group -->

<!-- wp:group {"style":{"spacing":{"blockGap":"0.3em"}},"layout":{"type":"flex","justifyContent":"left"}} -->
<div class="wp-block-group"><!-- wp:paragraph {"textColor":"contrast-2"} -->
<p class="has-contrast-2-color has-text-color">—</p>
<!-- /wp:paragraph -->

<!-- wp:paragraph {"textColor":"contrast-2","fontSize":"small"} -->
<p class="has-contrast-2-color has-text-color has-small-font-size">Tags:</p>
<!-- /wp:paragraph -->

<!-- wp:post-terms {"term":"post_tag"} /--></div>
<!-- /wp:group --></div>
<!-- /wp:group -->
<!-- /wp:post-template --></div>
<!-- /wp:query --></div>
<!-- /wp:group -->

<!-- wp:group {"metadata":{"name":"Shortcode Group"},"backgroundColor":"accent","layout":{"type":"constrained"}} -->
<div class="wp-block-group has-accent-background-color has-background"><!-- wp:heading -->
<h2 class="wp-block-heading">From The Post(Shortcode)</h2>
<!-- /wp:heading -->

<!-- wp:shortcode -->
[embeddedposts]
<!-- /wp:shortcode --></div>
<!-- /wp:group --></div>
<!-- /wp:group -->]]></content:encoded>
		<excerpt:encoded><![CDATA[]]></excerpt:encoded>
		<wp:post_id>17</wp:post_id>
		<wp:post_date><![CDATA[2024-01-15 15:10:02]]></wp:post_date>
		<wp:post_date_gmt><![CDATA[2024-01-15 15:10:02]]></wp:post_date_gmt>
		<wp:post_modified><![CDATA[2024-04-11 07:56:46]]></wp:post_modified>
		<wp:post_modified_gmt><![CDATA[2024-04-11 07:56:46]]></wp:post_modified_gmt>
		<wp:comment_status><![CDATA[open]]></wp:comment_status>
		<wp:ping_status><![CDATA[open]]></wp:ping_status>
		<wp:post_name><![CDATA[three]]></wp:post_name>
		<wp:status><![CDATA[publish]]></wp:status>
		<wp:post_parent>0</wp:post_parent>
		<wp:menu_order>0</wp:menu_order>
		<wp:post_type><![CDATA[post]]></wp:post_type>
		<wp:post_password><![CDATA[]]></wp:post_password>
		<wp:is_sticky>0</wp:is_sticky>
										<category domain="category" nicename="odd"><![CDATA[odd]]></category>
		<category domain="post_tag" nicename="three"><![CDATA[three]]></category>
						<wp:postmeta>
		<wp:meta_key><![CDATA[_wp_page_template]]></wp:meta_key>
		<wp:meta_value><![CDATA[default]]></wp:meta_value>
		</wp:postmeta>
							</item>
					<item>
		<title><![CDATA[one & two]]></title>
		<link>http://localhost/2024/01/15/one-two/</link>
		<pubDate>Mon, 15 Jan 2024 15:10:31 +0000</pubDate>
		<dc:creator><![CDATA[Author A]]></dc:creator>
		<guid isPermaLink="false">http://localhost/?p=14</guid>
		<description></description>
		<content:encoded><![CDATA[<!-- wp:group {"metadata":{"name":"one \u0026 two"},"layout":{"type":"constrained"}} -->
<div class="wp-block-group"><!-- wp:group {"metadata":{"name":"Block Group"},"backgroundColor":"accent-2","layout":{"type":"constrained"}} -->
<div class="wp-block-group has-accent-2-background-color has-background"><!-- wp:heading -->
<h2 class="wp-block-heading">From The Post</h2>
<!-- /wp:heading -->

<!-- wp:query {"queryId":1,"query":{"postType":"post","perPage":5,"offset":0,"order":"asc","orderBy":"title","relatedByOperator":"AND","relatedByTag":true,"relatedByCategory":false,"relatedByAuthor":false},"namespace":"cooperativeit/embedded-posts"} -->
<div class="wp-block-query"><!-- wp:post-template {"layout":{"type":"grid","columnCount":3}} -->
<!-- wp:post-title {"isLink":true} /-->

<!-- wp:group {"layout":{"type":"constrained"}} -->
<div class="wp-block-group"><!-- wp:group {"style":{"spacing":{"blockGap":"0.3em"}},"layout":{"type":"flex","justifyContent":"left"}} -->
<div class="wp-block-group"><!-- wp:paragraph {"textColor":"contrast-2"} -->
<p class="has-contrast-2-color has-text-color">—</p>
<!-- /wp:paragraph -->

<!-- wp:paragraph {"textColor":"contrast-2","fontSize":"small"} -->
<p class="has-contrast-2-color has-text-color has-small-font-size">by</p>
<!-- /wp:paragraph -->

<!-- wp:post-author-name {"isLink":true} /--></div>
<!-- /wp:group -->

<!-- wp:group {"style":{"spacing":{"blockGap":"0.3em"}},"layout":{"type":"flex","justifyContent":"left"}} -->
<div class="wp-block-group"><!-- wp:paragraph {"textColor":"contrast-2"} -->
<p class="has-contrast-2-color has-text-color">—</p>
<!-- /wp:paragraph -->

<!-- wp:paragraph {"textColor":"contrast-2","fontSize":"small"} -->
<p class="has-contrast-2-color has-text-color has-small-font-size">Categories:</p>
<!-- /wp:paragraph -->

<!-- wp:post-terms {"term":"category"} /--></div>
<!-- /wp:group -->

<!-- wp:group {"style":{"spacing":{"blockGap":"0.3em"}},"layout":{"type":"flex","justifyContent":"left"}} -->
<div class="wp-block-group"><!-- wp:paragraph {"textColor":"contrast-2"} -->
<p class="has-contrast-2-color has-text-color">—</p>
<!-- /wp:paragraph -->

<!-- wp:paragraph {"textColor":"contrast-2","fontSize":"small"} -->
<p class="has-contrast-2-color has-text-color has-small-font-size">Tags:</p>
<!-- /wp:paragraph -->

<!-- wp:post-terms {"term":"post_tag"} /--></div>
<!-- /wp:group --></div>
<!-- /wp:group -->
<!-- /wp:post-template --></div>
<!-- /wp:query --></div>
<!-- /wp:group -->

<!-- wp:group {"metadata":{"name":"Shortcode Group"},"backgroundColor":"accent","layout":{"type":"constrained"}} -->
<div class="wp-block-group has-accent-background-color has-background"><!-- wp:heading -->
<h2 class="wp-block-heading">From The Post(Shortcode)</h2>
<!-- /wp:heading -->

<!-- wp:shortcode -->
[embeddedposts]
<!-- /wp:shortcode --></div>
<!-- /wp:group --></div>
<!-- /wp:group -->]]></content:encoded>
		<excerpt:encoded><![CDATA[]]></excerpt:encoded>
		<wp:post_id>18</wp:post_id>
		<wp:post_date><![CDATA[2024-01-15 15:10:31]]></wp:post_date>
		<wp:post_date_gmt><![CDATA[2024-01-15 15:10:31]]></wp:post_date_gmt>
		<wp:post_modified><![CDATA[2024-04-11 07:56:16]]></wp:post_modified>
		<wp:post_modified_gmt><![CDATA[2024-04-11 07:56:16]]></wp:post_modified_gmt>
		<wp:comment_status><![CDATA[open]]></wp:comment_status>
		<wp:ping_status><![CDATA[open]]></wp:ping_status>
		<wp:post_name><![CDATA[one-two]]></wp:post_name>
		<wp:status><![CDATA[publish]]></wp:status>
		<wp:post_parent>0</wp:post_parent>
		<wp:menu_order>0</wp:menu_order>
		<wp:post_type><![CDATA[post]]></wp:post_type>
		<wp:post_password><![CDATA[]]></wp:post_password>
		<wp:is_sticky>0</wp:is_sticky>
										<category domain="category" nicename="odd-and-even"><![CDATA[odd and even]]></category>
		<category domain="post_tag" nicename="one"><![CDATA[one]]></category>
		<category domain="post_tag" nicename="two"><![CDATA[two]]></category>
						<wp:postmeta>
		<wp:meta_key><![CDATA[_wp_page_template]]></wp:meta_key>
		<wp:meta_value><![CDATA[default]]></wp:meta_value>
		</wp:postmeta>
							</item>
					<item>
		<title><![CDATA[one & three]]></title>
		<link>http://localhost/2024/01/15/one-three/</link>
		<pubDate>Mon, 15 Jan 2024 15:10:48 +0000</pubDate>
		<dc:creator><![CDATA[Author B]]></dc:creator>
		<guid isPermaLink="false">http://localhost/?p=16</guid>
		<description></description>
		<content:encoded><![CDATA[<!-- wp:group {"metadata":{"name":"one \u0026 three"},"layout":{"type":"constrained"}} -->
<div class="wp-block-group"><!-- wp:group {"metadata":{"name":"Block Group"},"backgroundColor":"accent-2","layout":{"type":"constrained"}} -->
<div class="wp-block-group has-accent-2-background-color has-background"><!-- wp:heading -->
<h2 class="wp-block-heading">From The Post</h2>
<!-- /wp:heading -->

<!-- wp:query {"queryId":1,"query":{"postType":"post","perPage":5,"offset":0,"order":"asc","orderBy":"title","relatedByOperator":"AND","relatedByTag":true,"relatedByCategory":false,"relatedByAuthor":false},"namespace":"cooperativeit/embedded-posts"} -->
<div class="wp-block-query"><!-- wp:post-template {"layout":{"type":"grid","columnCount":3}} -->
<!-- wp:post-title {"isLink":true} /-->

<!-- wp:group {"layout":{"type":"constrained"}} -->
<div class="wp-block-group"><!-- wp:group {"style":{"spacing":{"blockGap":"0.3em"}},"layout":{"type":"flex","justifyContent":"left"}} -->
<div class="wp-block-group"><!-- wp:paragraph {"textColor":"contrast-2"} -->
<p class="has-contrast-2-color has-text-color">—</p>
<!-- /wp:paragraph -->

<!-- wp:paragraph {"textColor":"contrast-2","fontSize":"small"} -->
<p class="has-contrast-2-color has-text-color has-small-font-size">by</p>
<!-- /wp:paragraph -->

<!-- wp:post-author-name {"isLink":true} /--></div>
<!-- /wp:group -->

<!-- wp:group {"style":{"spacing":{"blockGap":"0.3em"}},"layout":{"type":"flex","justifyContent":"left"}} -->
<div class="wp-block-group"><!-- wp:paragraph {"textColor":"contrast-2"} -->
<p class="has-contrast-2-color has-text-color">—</p>
<!-- /wp:paragraph -->

<!-- wp:paragraph {"textColor":"contrast-2","fontSize":"small"} -->
<p class="has-contrast-2-color has-text-color has-small-font-size">Categories:</p>
<!-- /wp:paragraph -->

<!-- wp:post-terms {"term":"category"} /--></div>
<!-- /wp:group -->

<!-- wp:group {"style":{"spacing":{"blockGap":"0.3em"}},"layout":{"type":"flex","justifyContent":"left"}} -->
<div class="wp-block-group"><!-- wp:paragraph {"textColor":"contrast-2"} -->
<p class="has-contrast-2-color has-text-color">—</p>
<!-- /wp:paragraph -->

<!-- wp:paragraph {"textColor":"contrast-2","fontSize":"small"} -->
<p class="has-contrast-2-color has-text-color has-small-font-size">Tags:</p>
<!-- /wp:paragraph -->

<!-- wp:post-terms {"term":"post_tag"} /--></div>
<!-- /wp:group --></div>
<!-- /wp:group -->
<!-- /wp:post-template --></div>
<!-- /wp:query --></div>
<!-- /wp:group -->

<!-- wp:group {"metadata":{"name":"Shortcode Group"},"backgroundColor":"accent","layout":{"type":"constrained"}} -->
<div class="wp-block-group has-accent-background-color has-background"><!-- wp:heading -->
<h2 class="wp-block-heading">From The Post(Shortcode)</h2>
<!-- /wp:heading -->

<!-- wp:shortcode -->
[embeddedposts]
<!-- /wp:shortcode --></div>
<!-- /wp:group --></div>
<!-- /wp:group -->]]></content:encoded>
		<excerpt:encoded><![CDATA[]]></excerpt:encoded>
		<wp:post_id>19</wp:post_id>
		<wp:post_date><![CDATA[2024-01-15 15:10:48]]></wp:post_date>
		<wp:post_date_gmt><![CDATA[2024-01-15 15:10:48]]></wp:post_date_gmt>
		<wp:post_modified><![CDATA[2024-04-11 07:55:46]]></wp:post_modified>
		<wp:post_modified_gmt><![CDATA[2024-04-11 07:55:46]]></wp:post_modified_gmt>
		<wp:comment_status><![CDATA[open]]></wp:comment_status>
		<wp:ping_status><![CDATA[open]]></wp:ping_status>
		<wp:post_name><![CDATA[one-three]]></wp:post_name>
		<wp:status><![CDATA[publish]]></wp:status>
		<wp:post_parent>0</wp:post_parent>
		<wp:menu_order>0</wp:menu_order>
		<wp:post_type><![CDATA[post]]></wp:post_type>
		<wp:post_password><![CDATA[]]></wp:post_password>
		<wp:is_sticky>0</wp:is_sticky>
										<category domain="category" nicename="odd-and-even"><![CDATA[odd and even]]></category>
		<category domain="post_tag" nicename="one"><![CDATA[one]]></category>
		<category domain="post_tag" nicename="three"><![CDATA[three]]></category>
						<wp:postmeta>
		<wp:meta_key><![CDATA[_wp_page_template]]></wp:meta_key>
		<wp:meta_value><![CDATA[default]]></wp:meta_value>
		</wp:postmeta>
							</item>
					<item>
		<title><![CDATA[two & three]]></title>
		<link>http://localhost/2024/01/15/two-three/</link>
		<pubDate>Mon, 15 Jan 2024 15:11:07 +0000</pubDate>
		<dc:creator><![CDATA[Author C]]></dc:creator>
		<guid isPermaLink="false">http://localhost/?p=18</guid>
		<description></description>
		<content:encoded><![CDATA[<!-- wp:group {"metadata":{"name":"two \u0026 three"},"layout":{"type":"constrained"}} -->
<div class="wp-block-group"><!-- wp:group {"metadata":{"name":"Block Group"},"backgroundColor":"accent-2","layout":{"type":"constrained"}} -->
<div class="wp-block-group has-accent-2-background-color has-background"><!-- wp:heading -->
<h2 class="wp-block-heading">From The Post</h2>
<!-- /wp:heading -->

<!-- wp:query {"queryId":1,"query":{"postType":"post","perPage":5,"offset":0,"order":"asc","orderBy":"title","relatedByOperator":"AND","relatedByTag":true,"relatedByCategory":false,"relatedByAuthor":false},"namespace":"cooperativeit/embedded-posts"} -->
<div class="wp-block-query"><!-- wp:post-template {"layout":{"type":"grid","columnCount":3}} -->
<!-- wp:post-title {"isLink":true} /-->

<!-- wp:group {"layout":{"type":"constrained"}} -->
<div class="wp-block-group"><!-- wp:group {"style":{"spacing":{"blockGap":"0.3em"}},"layout":{"type":"flex","justifyContent":"left"}} -->
<div class="wp-block-group"><!-- wp:paragraph {"textColor":"contrast-2"} -->
<p class="has-contrast-2-color has-text-color">—</p>
<!-- /wp:paragraph -->

<!-- wp:paragraph {"textColor":"contrast-2","fontSize":"small"} -->
<p class="has-contrast-2-color has-text-color has-small-font-size">by</p>
<!-- /wp:paragraph -->

<!-- wp:post-author-name {"isLink":true} /--></div>
<!-- /wp:group -->

<!-- wp:group {"style":{"spacing":{"blockGap":"0.3em"}},"layout":{"type":"flex","justifyContent":"left"}} -->
<div class="wp-block-group"><!-- wp:paragraph {"textColor":"contrast-2"} -->
<p class="has-contrast-2-color has-text-color">—</p>
<!-- /wp:paragraph -->

<!-- wp:paragraph {"textColor":"contrast-2","fontSize":"small"} -->
<p class="has-contrast-2-color has-text-color has-small-font-size">Categories:</p>
<!-- /wp:paragraph -->

<!-- wp:post-terms {"term":"category"} /--></div>
<!-- /wp:group -->

<!-- wp:group {"style":{"spacing":{"blockGap":"0.3em"}},"layout":{"type":"flex","justifyContent":"left"}} -->
<div class="wp-block-group"><!-- wp:paragraph {"textColor":"contrast-2"} -->
<p class="has-contrast-2-color has-text-color">—</p>
<!-- /wp:paragraph -->

<!-- wp:paragraph {"textColor":"contrast-2","fontSize":"small"} -->
<p class="has-contrast-2-color has-text-color has-small-font-size">Tags:</p>
<!-- /wp:paragraph -->

<!-- wp:post-terms {"term":"post_tag"} /--></div>
<!-- /wp:group --></div>
<!-- /wp:group -->
<!-- /wp:post-template --></div>
<!-- /wp:query --></div>
<!-- /wp:group -->

<!-- wp:group {"metadata":{"name":"Shortcode Group"},"backgroundColor":"accent","layout":{"type":"constrained"}} -->
<div class="wp-block-group has-accent-background-color has-background"><!-- wp:heading -->
<h2 class="wp-block-heading">From The Post(Shortcode)</h2>
<!-- /wp:heading -->

<!-- wp:shortcode -->
[embeddedposts]
<!-- /wp:shortcode --></div>
<!-- /wp:group --></div>
<!-- /wp:group -->]]></content:encoded>
		<excerpt:encoded><![CDATA[]]></excerpt:encoded>
		<wp:post_id>20</wp:post_id>
		<wp:post_date><![CDATA[2024-01-15 15:11:07]]></wp:post_date>
		<wp:post_date_gmt><![CDATA[2024-01-15 15:11:07]]></wp:post_date_gmt>
		<wp:post_modified><![CDATA[2024-04-11 07:55:04]]></wp:post_modified>
		<wp:post_modified_gmt><![CDATA[2024-04-11 07:55:04]]></wp:post_modified_gmt>
		<wp:comment_status><![CDATA[open]]></wp:comment_status>
		<wp:ping_status><![CDATA[open]]></wp:ping_status>
		<wp:post_name><![CDATA[two-three]]></wp:post_name>
		<wp:status><![CDATA[publish]]></wp:status>
		<wp:post_parent>0</wp:post_parent>
		<wp:menu_order>0</wp:menu_order>
		<wp:post_type><![CDATA[post]]></wp:post_type>
		<wp:post_password><![CDATA[]]></wp:post_password>
		<wp:is_sticky>0</wp:is_sticky>
										<category domain="category" nicename="odd-and-even"><![CDATA[odd and even]]></category>
		<category domain="post_tag" nicename="three"><![CDATA[three]]></category>
		<category domain="post_tag" nicename="two"><![CDATA[two]]></category>
						<wp:postmeta>
		<wp:meta_key><![CDATA[_wp_page_template]]></wp:meta_key>
		<wp:meta_value><![CDATA[default]]></wp:meta_value>
		</wp:postmeta>
							</item>
					<item>
		<title><![CDATA[one, two & three]]></title>
		<link>http://localhost/2024/01/15/one-two-three/</link>
		<pubDate>Mon, 15 Jan 2024 15:11:24 +0000</pubDate>
		<dc:creator><![CDATA[Author A]]></dc:creator>
		<guid isPermaLink="false">http://localhost/?p=20</guid>
		<description></description>
		<content:encoded><![CDATA[<!-- wp:group {"metadata":{"name":"one, two \u0026 three"},"layout":{"type":"constrained"}} -->
<div class="wp-block-group"><!-- wp:group {"metadata":{"name":"Block Group"},"backgroundColor":"accent-2","layout":{"type":"constrained"}} -->
<div class="wp-block-group has-accent-2-background-color has-background"><!-- wp:heading -->
<h2 class="wp-block-heading">From The Post</h2>
<!-- /wp:heading -->

<!-- wp:query {"queryId":1,"query":{"postType":"post","perPage":5,"offset":0,"order":"asc","orderBy":"title","relatedByOperator":"AND","relatedByTag":true,"relatedByCategory":false,"relatedByAuthor":false},"namespace":"cooperativeit/embedded-posts"} -->
<div class="wp-block-query"><!-- wp:post-template {"layout":{"type":"grid","columnCount":3}} -->
<!-- wp:post-title {"isLink":true} /-->

<!-- wp:group {"layout":{"type":"constrained"}} -->
<div class="wp-block-group"><!-- wp:group {"style":{"spacing":{"blockGap":"0.3em"}},"layout":{"type":"flex","justifyContent":"left"}} -->
<div class="wp-block-group"><!-- wp:paragraph {"textColor":"contrast-2"} -->
<p class="has-contrast-2-color has-text-color">—</p>
<!-- /wp:paragraph -->

<!-- wp:paragraph {"textColor":"contrast-2","fontSize":"small"} -->
<p class="has-contrast-2-color has-text-color has-small-font-size">by</p>
<!-- /wp:paragraph -->

<!-- wp:post-author-name {"isLink":true} /--></div>
<!-- /wp:group -->

<!-- wp:group {"style":{"spacing":{"blockGap":"0.3em"}},"layout":{"type":"flex","justifyContent":"left"}} -->
<div class="wp-block-group"><!-- wp:paragraph {"textColor":"contrast-2"} -->
<p class="has-contrast-2-color has-text-color">—</p>
<!-- /wp:paragraph -->

<!-- wp:paragraph {"textColor":"contrast-2","fontSize":"small"} -->
<p class="has-contrast-2-color has-text-color has-small-font-size">Categories:</p>
<!-- /wp:paragraph -->

<!-- wp:post-terms {"term":"category"} /--></div>
<!-- /wp:group -->

<!-- wp:group {"style":{"spacing":{"blockGap":"0.3em"}},"layout":{"type":"flex","justifyContent":"left"}} -->
<div class="wp-block-group"><!-- wp:paragraph {"textColor":"contrast-2"} -->
<p class="has-contrast-2-color has-text-color">—</p>
<!-- /wp:paragraph -->

<!-- wp:paragraph {"textColor":"contrast-2","fontSize":"small"} -->
<p class="has-contrast-2-color has-text-color has-small-font-size">Tags:</p>
<!-- /wp:paragraph -->

<!-- wp:post-terms {"term":"post_tag"} /--></div>
<!-- /wp:group --></div>
<!-- /wp:group -->
<!-- /wp:post-template --></div>
<!-- /wp:query --></div>
<!-- /wp:group -->

<!-- wp:group {"metadata":{"name":"Shortcode Group"},"backgroundColor":"accent","layout":{"type":"constrained"}} -->
<div class="wp-block-group has-accent-background-color has-background"><!-- wp:heading -->
<h2 class="wp-block-heading">From The Post(Shortcode)</h2>
<!-- /wp:heading -->

<!-- wp:shortcode -->
[embeddedposts]
<!-- /wp:shortcode --></div>
<!-- /wp:group --></div>
<!-- /wp:group -->]]></content:encoded>
		<excerpt:encoded><![CDATA[]]></excerpt:encoded>
		<wp:post_id>21</wp:post_id>
		<wp:post_date><![CDATA[2024-01-15 15:11:24]]></wp:post_date>
		<wp:post_date_gmt><![CDATA[2024-01-15 15:11:24]]></wp:post_date_gmt>
		<wp:post_modified><![CDATA[2024-04-11 07:54:35]]></wp:post_modified>
		<wp:post_modified_gmt><![CDATA[2024-04-11 07:54:35]]></wp:post_modified_gmt>
		<wp:comment_status><![CDATA[open]]></wp:comment_status>
		<wp:ping_status><![CDATA[open]]></wp:ping_status>
		<wp:post_name><![CDATA[one-two-three]]></wp:post_name>
		<wp:status><![CDATA[publish]]></wp:status>
		<wp:post_parent>0</wp:post_parent>
		<wp:menu_order>0</wp:menu_order>
		<wp:post_type><![CDATA[post]]></wp:post_type>
		<wp:post_password><![CDATA[]]></wp:post_password>
		<wp:is_sticky>0</wp:is_sticky>
										<category domain="category" nicename="odd"><![CDATA[odd]]></category>
		<category domain="post_tag" nicename="one"><![CDATA[one]]></category>
		<category domain="post_tag" nicename="three"><![CDATA[three]]></category>
		<category domain="post_tag" nicename="two"><![CDATA[two]]></category>
						<wp:postmeta>
		<wp:meta_key><![CDATA[_wp_page_template]]></wp:meta_key>
		<wp:meta_value><![CDATA[default]]></wp:meta_value>
		</wp:postmeta>
							</item>
					<item>
		<title><![CDATA[Custom Styles]]></title>
		<link>http://localhost/2024/04/11/wp-global-styles-twentytwentyfour/</link>
		<pubDate>Thu, 11 Apr 2024 07:44:34 +0000</pubDate>
		<dc:creator><![CDATA[admin]]></dc:creator>
		<guid isPermaLink="false">http://localhost/2024/04/11/wp-global-styles-twentytwentyfour/</guid>
		<description></description>
		<content:encoded><![CDATA[{"version": 2, "isGlobalStylesUserThemeJSON": true }]]></content:encoded>
		<excerpt:encoded><![CDATA[]]></excerpt:encoded>
		<wp:post_id>22</wp:post_id>
		<wp:post_date><![CDATA[2024-04-11 07:44:34]]></wp:post_date>
		<wp:post_date_gmt><![CDATA[2024-04-11 07:44:34]]></wp:post_date_gmt>
		<wp:post_modified><![CDATA[2024-04-11 07:44:34]]></wp:post_modified>
		<wp:post_modified_gmt><![CDATA[2024-04-11 07:44:34]]></wp:post_modified_gmt>
		<wp:comment_status><![CDATA[closed]]></wp:comment_status>
		<wp:ping_status><![CDATA[closed]]></wp:ping_status>
		<wp:post_name><![CDATA[wp-global-styles-twentytwentyfour]]></wp:post_name>
		<wp:status><![CDATA[publish]]></wp:status>
		<wp:post_parent>0</wp:post_parent>
		<wp:menu_order>0</wp:menu_order>
		<wp:post_type><![CDATA[wp_global_styles]]></wp:post_type>
		<wp:post_password><![CDATA[]]></wp:post_password>
		<wp:is_sticky>0</wp:is_sticky>
										<category domain="wp_theme" nicename="twentytwentyfour"><![CDATA[twentytwentyfour]]></category>
						</item>
				</channel>
</rss>
	